[backblue.gif]
[fade.gif]
[index.html]
[scione.io/index.html]
[scione.io/wp-content/themes/astra/assets/fonts/astra.ttf]
[scione.io/wp-json/index.html]
[scione.io/xmlrpc0db0.php]
[scione.io/wp-content/themes/astra/assets/fonts/astra.svg]
[scione.io/sample-page/index.html]
[scione.io/search/index.html]
[scione.io/2020/09/12/test/index.html]
[scione.io/wp-json/oembed/1.0/embedcd16]
[scione.io/category/uncategorized/index.html]
[scione.io/author/brent/index.html]
[scione.io/wp-json/oembed/1.0/embed0de8.json]
[scione.io/wp-json/wp/v2/pages/21.json]
[scione.io/2020/09/12/hello-world/index.html]
[scione.io/2020/09/index.html]
[scione.io/wp-login.html]
[scione.io/wp-json/oembed/1.0/embedd268]
[cse.google.com/f0223.txt]
[scione.io/index905b.html]
[scione.io/wp-json/oembed/1.0/embed490b.json]
[scione.io/xmlrpc.php]
[scione.io/wp-json/oembed/1.0/embed575c]
[scione.io/wp-content/themes/astra/assets/css/minified/style.min4468.css]
[scione.io/wp-content/themes/astra/assets/css/minified/menu-animation.min4468.css]
[scione.io/wp-includes/css/dist/block-library/style.mind03b.css]
[scione.io/wp-json/wp/v2/posts/1.json]
[scione.io/index3965.html]
[scione.io/wp-json/oembed/1.0/embed42d9.json]
[scione.io/wp-json/oembed/1.0/embedc91a]
[scione.io/wp-includes/js/zxcvbn-async.min5152.js]
[scione.io/wp-includes/js/dist/vendor/wp-polyfill-fetch.min6e0e.js]
[scione.io/wp-includes/js/dist/vendor/wp-polyfill-node-contains.min2e00.js]
[scione.io/wp-includes/js/dist/vendor/wp-polyfill-dom-rect.min2e00.js]
[scione.io/wp-includes/js/dist/vendor/wp-polyfill-url.min5aed.js]
[scione.io/wp-includes/js/dist/vendor/wp-polyfill-formdata.mine9bd.js]
[scione.io/wp-includes/js/dist/vendor/wp-polyfill-element-closest.min4c56.js]
[scione.io/wp-includes/js/dist/i18n.min77be.js]
[scione.io/wp-includes/js/underscore.min4511.js]
[scione.io/index2df4.html]
[scione.io/indexcff1.html]
[scione.io/wp-includes/css/dashicons.mind03b.css]
[scione.io/wp-includes/css/buttons.mind03b.css]
[scione.io/wp-loginc2b6.html]
[scione.io/wp-includes/js/wp-util.mind03b.js]
